# JRE version: OpenJDK Runtime Environment (8.0_242-b08) (build 1.8.0_242-8u242-b08-1~deb9u1-b08)
# Java VM: OpenJDK 64-Bit Server VM (25.242-b08 mixed mode linux-amd64 compressed oops)
Heap:
 PSYoungGen      total 2343936K, used 78736K [0x0000000715580000, 0x00000007aba00000, 0x00000007c0000000)
  eden space 2235392K, 0% used [0x0000000715580000,0x0000000715580000,0x000000079dc80000)
  from space 108544K, 72% used [0x000000079dc80000,0x00000007a29643f0,0x00000007a4680000)
  to   space 103424K, 0% used [0x00000007a4680000,0x00000007a4680000,0x00000007aab80000)
 ParOldGen       total 5592576K, used 4983266K [0x00000005c0000000, 0x0000000715580000, 0x0000000715580000)
  object space 5592576K, 89% used [0x00000005c0000000,0x00000006f02788c8,0x0000000715580000)
 Metaspace       used 79769K, capacity 90795K, committed 91008K, reserved 1126400K
  class space    used 10928K, capacity 13337K, committed 13440K, reserved 1048576K
GC Heap History (10 events):
Event: 96028.319 GC heap after
Heap after GC invocations=5599 (full 3):
 PSYoungGen      total 2232832K, used 61408K [0x0000000715580000, 0x00000007a3b80000, 0x00000007c0000000)
  eden space 2139136K, 0% used [0x0000000715580000,0x0000000715580000,0x0000000797e80000)
  from space 93696K, 65% used [0x000000079dc00000,0x00000007a17f8108,0x00000007a3780000)
  to   space 95744K, 0% used [0x0000000797e80000,0x0000000797e80000,0x000000079dc00000)
 ParOldGen       total 5592576K, used 4973033K [0x00000005c0000000, 0x0000000715580000, 0x0000000715580000)
  object space 5592576K, 88% used [0x00000005c0000000,0x00000006ef87a678,0x0000000715580000)
 Metaspace       used 79767K, capacity 90787K, committed 91008K, reserved 1126400K
  class space    used 10928K, capacity 13337K, committed 13440K, reserved 1048576K
}
Event: 96035.495 GC heap before
{Heap before GC invocations=5600 (full 3):
 PSYoungGen      total 2232832K, used 2200544K [0x0000000715580000, 0x00000007a3b80000, 0x00000007c0000000)
  eden space 2139136K, 100% used [0x0000000715580000,0x0000000797e80000,0x0000000797e80000)
  from space 93696K, 65% used [0x000000079dc00000,0x00000007a17f8108,0x00000007a3780000)
  to   space 95744K, 0% used [0x0000000797e80000,0x0000000797e80000,0x000000079dc00000)
 ParOldGen       total 5592576K, used 4973033K [0x00000005c0000000, 0x0000000715580000, 0x0000000715580000)
  object space 5592576K, 88% used [0x00000005c0000000,0x00000006ef87a678,0x0000000715580000)
 Metaspace       used 79767K, capacity 90787K, committed 91008K, reserved 1126400K
  class space    used 10928K, capacity 13337K, committed 13440K, reserved 1048576K
Event: 96035.579 GC heap after
Heap after GC invocations=5600 (full 3):
 PSYoungGen      total 2234880K, used 63712K [0x0000000715580000, 0x00000007a6d00000, 0x00000007c0000000)
  eden space 2139136K, 0% used [0x0000000715580000,0x0000000715580000,0x0000000797e80000)
  from space 95744K, 66% used [0x0000000797e80000,0x000000079bcb80d8,0x000000079dc00000)
  to   space 97280K, 0% used [0x00000007a0e00000,0x00000007a0e00000,0x00000007a6d00000)
 ParOldGen       total 5592576K, used 4973145K [0x00000005c0000000, 0x0000000715580000, 0x0000000715580000)
  object space 5592576K, 88% used [0x00000005c0000000,0x00000006ef896678,0x0000000715580000)
 Metaspace       used 79767K, capacity 90787K, committed 91008K, reserved 1126400K
  class space    used 10928K, capacity 13337K, committed 13440K, reserved 1048576K
}
Event: 96042.389 GC heap before
{Heap before GC invocations=5601 (full 3):
 PSYoungGen      total 2234880K, used 2202848K [0x0000000715580000, 0x00000007a6d00000, 0x00000007c0000000)
  eden space 2139136K, 100% used [0x0000000715580000,0x0000000797e80000,0x0000000797e80000)
  from space 95744K, 66% used [0x0000000797e80000,0x000000079bcb80d8,0x000000079dc00000)
  to   space 97280K, 0% used [0x00000007a0e00000,0x00000007a0e00000,0x00000007a6d00000)
 ParOldGen       total 5592576K, used 4973145K [0x00000005c0000000, 0x0000000715580000, 0x0000000715580000)
  object space 5592576K, 88% used [0x00000005c0000000,0x00000006ef896678,0x0000000715580000)
 Metaspace       used 79768K, capacity 90791K, committed 91008K, reserved 1126400K
  class space    used 10928K, capacity 13337K, committed 13440K, reserved 1048576K
Event: 96042.503 GC heap after
Heap after GC invocations=5601 (full 3):
 PSYoungGen      total 2283520K, used 66432K [0x0000000715580000, 0x00000007a7500000, 0x00000007c0000000)
  eden space 2186240K, 0% used [0x0000000715580000,0x0000000715580000,0x000000079ac80000)
  from space 97280K, 68% used [0x00000007a0e00000,0x00000007a4ee00d8,0x00000007a6d00000)
  to   space 99840K, 0% used [0x000000079ac80000,0x000000079ac80000,0x00000007a0e00000)
 ParOldGen       total 5592576K, used 4973257K [0x00000005c0000000, 0x0000000715580000, 0x0000000715580000)
  object space 5592576K, 88% used [0x00000005c0000000,0x00000006ef8b2678,0x0000000715580000)
 Metaspace       used 79768K, capacity 90791K, committed 91008K, reserved 1126400K
  class space    used 10928K, capacity 13337K, committed 13440K, reserved 1048576K
}
Event: 96049.112 GC heap before
{Heap before GC invocations=5602 (full 3):
 PSYoungGen      total 2283520K, used 2252672K [0x0000000715580000, 0x00000007a7500000, 0x00000007c0000000)
  eden space 2186240K, 100% used [0x0000000715580000,0x000000079ac80000,0x000000079ac80000)
  from space 97280K, 68% used [0x00000007a0e00000,0x00000007a4ee00d8,0x00000007a6d00000)
  to   space 99840K, 0% used [0x000000079ac80000,0x000000079ac80000,0x00000007a0e00000)
 ParOldGen       total 5592576K, used 4973257K [0x00000005c0000000, 0x0000000715580000, 0x0000000715580000)
  object space 5592576K, 88% used [0x00000005c0000000,0x00000006ef8b2678,0x0000000715580000)
 Metaspace       used 79768K, capacity 90791K, committed 91008K, reserved 1126400K
  class space    used 10928K, capacity 13337K, committed 13440K, reserved 1048576K
Event: 96049.209 GC heap after
Heap after GC invocations=5602 (full 3):
 PSYoungGen      total 2286080K, used 72384K [0x0000000715580000, 0x00000007aab80000, 0x00000007c0000000)
  eden space 2186240K, 0% used [0x0000000715580000,0x0000000715580000,0x000000079ac80000)
  from space 99840K, 72% used [0x000000079ac80000,0x000000079f3300d8,0x00000007a0e00000)
  to   space 103424K, 0% used [0x00000007a4680000,0x00000007a4680000,0x00000007aab80000)
 ParOldGen       total 5592576K, used 4975098K [0x00000005c0000000, 0x0000000715580000, 0x0000000715580000)
  object space 5592576K, 88% used [0x00000005c0000000,0x00000006efa7eb58,0x0000000715580000)
 Metaspace       used 79768K, capacity 90791K, committed 91008K, reserved 1126400K
  class space    used 10928K, capacity 13337K, committed 13440K, reserved 1048576K
}
Event: 96055.819 GC heap before
{Heap before GC invocations=5603 (full 3):
 PSYoungGen      total 2286080K, used 2258624K [0x0000000715580000, 0x00000007aab80000, 0x00000007c0000000)
  eden space 2186240K, 100% used [0x0000000715580000,0x000000079ac80000,0x000000079ac80000)
  from space 99840K, 72% used [0x000000079ac80000,0x000000079f3300d8,0x00000007a0e00000)
  to   space 103424K, 0% used [0x00000007a4680000,0x00000007a4680000,0x00000007aab80000)
 ParOldGen       total 5592576K, used 4975098K [0x00000005c0000000, 0x0000000715580000, 0x0000000715580000)
  object space 5592576K, 88% used [0x00000005c0000000,0x00000006efa7eb58,0x0000000715580000)
 Metaspace       used 79768K, capacity 90791K, committed 91008K, reserved 1126400K
  class space    used 10928K, capacity 13337K, committed 13440K, reserved 1048576K
Event: 96055.948 GC heap after
Heap after GC invocations=5603 (full 3):
 PSYoungGen      total 2338816K, used 79168K [0x0000000715580000, 0x00000007aba00000, 0x00000007c0000000)
  eden space 2235392K, 0% used [0x0000000715580000,0x0000000715580000,0x000000079dc80000)
  from space 103424K, 76% used [0x00000007a4680000,0x00000007a93d00d8,0x00000007aab80000)
  to   space 108544K, 0% used [0x000000079dc80000,0x000000079dc80000,0x00000007a4680000)
 ParOldGen       total 5592576K, used 4978176K [0x00000005c0000000, 0x0000000715580000, 0x0000000715580000)
  object space 5592576K, 89% used [0x00000005c0000000,0x00000006efd80288,0x0000000715580000)
 Metaspace       used 79768K, capacity 90791K, committed 91008K, reserved 1126400K
  class space    used 10928K, capacity 13337K, committed 13440K, reserved 1048576K
}
Event: 96062.904 GC heap before
{Heap before GC invocations=5604 (full 3):
 PSYoungGen      total 2338816K, used 2314560K [0x0000000715580000, 0x00000007aba00000, 0x00000007c0000000)
  eden space 2235392K, 100% used [0x0000000715580000,0x000000079dc80000,0x000000079dc80000)
  from space 103424K, 76% used [0x00000007a4680000,0x00000007a93d00d8,0x00000007aab80000)
  to   space 108544K, 0% used [0x000000079dc80000,0x000000079dc80000,0x00000007a4680000)
 ParOldGen       total 5592576K, used 4978176K [0x00000005c0000000, 0x0000000715580000, 0x0000000715580000)
  object space 5592576K, 89% used [0x00000005c0000000,0x00000006efd80288,0x0000000715580000)
 Metaspace       used 79769K, capacity 90795K, committed 91008K, reserved 1126400K
  class space    used 10928K, capacity 13337K, committed 13440K, reserved 1048576K

